[31merror - Cast to ObjectId failed for value ":1" at path "_id" for model "Genre" Cast to ObjectId failed for value ":1" at path "_id" for model "Genre"[39m
[31merror - Cast to ObjectId failed for value ":604a803f1d9ce7492886a2ce" at path "_id" for model "Genre" Cast to ObjectId failed for value ":604a803f1d9ce7492886a2ce" at path "_id" for model "Genre"[39m
[31merror - Cast to ObjectId failed for value ":604a803f1d9ce7492886a2ce" at path "_id" for model "Genre" Cast to ObjectId failed for value ":604a803f1d9ce7492886a2ce" at path "_id" for model "Genre"[39m
[31merror - Cast to ObjectId failed for value ":604a869c80738c0de0809a8f" at path "_id" for model "Genre" Cast to ObjectId failed for value ":604a869c80738c0de0809a8f" at path "_id" for model "Genre"[39m
[31merror - Cast to ObjectId failed for value ":604a86c3d385f12308ab060c" at path "_id" for model "Genre" Cast to ObjectId failed for value ":604a86c3d385f12308ab060c" at path "_id" for model "Genre"[39m
[31merror - Cast to ObjectId failed for value ":604a86f04166f44f785a9e89" at path "_id" for model "Genre" Cast to ObjectId failed for value ":604a86f04166f44f785a9e89" at path "_id" for model "Genre"[39m
[31merror - Cast to ObjectId failed for value "1" at path "_id" for model "Genre" Cast to ObjectId failed for value "1" at path "_id" for model "Genre"[39m
[31merror - mongoose is not defined mongoose is not defined[39m
[31merror - mongoose is not defined mongoose is not defined[39m
[31merror - id is not defined id is not defined[39m
[31merror - id is not defined id is not defined[39m
[31merror - id is not defined id is not defined[39m
[31merror - id is not defined id is not defined[39m
[31merror - id is not defined id is not defined[39m
[31merror - id is not defined id is not defined[39m
[31merror - id is not defined id is not defined[39m
[31merror - id is not defined id is not defined[39m
[31merror - id is not defined id is not defined[39m
[31merror - id is not defined id is not defined[39m
[31merror - id is not defined id is not defined[39m
[31merror - id is not defined id is not defined[39m
[31merror - id is not defined id is not defined[39m
[31merror - id is not defined id is not defined[39m
[31merror - id is not defined id is not defined[39m
[31merror - id is not defined id is not defined[39m
[31merror - id is not defined id is not defined[39m
[31merror - id is not defined id is not defined[39m
[31merror - id is not defined id is not defined[39m
[31merror - id is not defined id is not defined[39m
[31merror - id is not defined id is not defined[39m
[31merror - id is not defined id is not defined[39m
[31merror - id is not defined id is not defined[39m
[31merror - id is not defined id is not defined[39m
[31merror - id is not defined id is not defined[39m
[31merror - id is not defined id is not defined[39m
[31merror - Cannot read property 'id' of undefined Cannot read property 'id' of undefined[39m
[31merror - Cannot read property 'id' of undefined Cannot read property 'id' of undefined[39m
[31merror - Cannot read property 'id' of undefined Cannot read property 'id' of undefined[39m
